c:\users\22noa\documents\backup\hakexdxdxd-master\hakexdxdxd-master\intermediates\vc142.pdb
c:\users\22noa\documents\backup\hakexdxdxd-master\hakexdxdxd-master\intermediates\vc142.idb
c:\users\22noa\documents\backup\hakexdxdxd-master\hakexdxdxd-master\intermediates\view_matrix.obj
c:\users\22noa\documents\backup\hakexdxdxd-master\hakexdxdxd-master\intermediates\vector3d.obj
c:\users\22noa\documents\backup\hakexdxdxd-master\hakexdxdxd-master\intermediates\main.obj
c:\users\22noa\documents\backup\hakexdxdxd-master\hakexdxdxd-master\intermediates\utilities.obj
c:\users\22noa\documents\backup\hakexdxdxd-master\hakexdxdxd-master\intermediates\renderer.obj
c:\users\22noa\documents\backup\hakexdxdxd-master\hakexdxdxd-master\intermediates\netvars.obj
c:\users\22noa\documents\backup\hakexdxdxd-master\hakexdxdxd-master\intermediates\csgo.obj
c:\users\22noa\documents\backup\hakexdxdxd-master\hakexdxdxd-master\intermediates\console.obj
c:\users\22noa\documents\backup\hakexdxdxd-master\hakexdxdxd-master\intermediates\math.obj
c:\users\22noa\documents\backup\hakexdxdxd-master\hakexdxdxd-master\intermediates\interfaces.obj
c:\users\22noa\documents\backup\hakexdxdxd-master\hakexdxdxd-master\intermediates\menu.obj
c:\users\22noa\documents\backup\hakexdxdxd-master\hakexdxdxd-master\intermediates\framework.obj
c:\users\22noa\documents\backup\hakexdxdxd-master\hakexdxdxd-master\intermediates\hooks.obj
c:\users\22noa\documents\backup\hakexdxdxd-master\hakexdxdxd-master\intermediates\visuals.obj
c:\users\22noa\documents\backup\hakexdxdxd-master\hakexdxdxd-master\intermediates\misc.obj
c:\users\22noa\documents\backup\hakexdxdxd-master\hakexdxdxd-master\intermediates\engine_prediction.obj
c:\users\22noa\documents\backup\hakexdxdxd-master\hakexdxdxd-master\intermediates\rage_bot.obj
c:\users\22noa\documents\backup\hakexdxdxd-master\hakexdxdxd-master\intermediates\anti_aimbot.obj
c:\users\22noa\documents\backup\hakexdxdxd-master\hakexdxdxd-master\intermediates\trampoline.obj
c:\users\22noa\documents\backup\hakexdxdxd-master\hakexdxdxd-master\intermediates\hook.obj
c:\users\22noa\documents\backup\hakexdxdxd-master\hakexdxdxd-master\intermediates\hde64.obj
c:\users\22noa\documents\backup\hakexdxdxd-master\hakexdxdxd-master\intermediates\hde32.obj
c:\users\22noa\documents\backup\hakexdxdxd-master\hakexdxdxd-master\intermediates\buffer.obj
c:\users\22noa\documents\backup\hakexdxdxd-master\hakexdxdxd-master\.\output\debug\csgo-cheat.dll
c:\users\22noa\documents\backup\hakexdxdxd-master\hakexdxdxd-master\intermediates\csgo-cheat.tlog\cl.command.1.tlog
c:\users\22noa\documents\backup\hakexdxdxd-master\hakexdxdxd-master\intermediates\csgo-cheat.tlog\cl.read.1.tlog
c:\users\22noa\documents\backup\hakexdxdxd-master\hakexdxdxd-master\intermediates\csgo-cheat.tlog\cl.write.1.tlog
c:\users\22noa\documents\backup\hakexdxdxd-master\hakexdxdxd-master\intermediates\csgo-cheat.tlog\link.command.1.tlog
c:\users\22noa\documents\backup\hakexdxdxd-master\hakexdxdxd-master\intermediates\csgo-cheat.tlog\link.read.1.tlog
c:\users\22noa\documents\backup\hakexdxdxd-master\hakexdxdxd-master\intermediates\csgo-cheat.tlog\link.write.1.tlog
