<<<<<<< HEAD
﻿  csgo.cpp
  LINK : /LTCG specified but no code generation required; remove /LTCG from the link command line to improve linker performance
  csgo-cheat.vcxproj -> C:\Users\22noa\Desktop\proxied-late\.\output\debug\csgo-cheat.dll
=======
﻿  aimbot.cpp
  engine_prediction.cpp
  misc.cpp
  visuals.cpp
  hooks.cpp
  framework.cpp
  menu.cpp
  interfaces.cpp
  math.cpp
  console.cpp
  csgo.cpp
  netvars.cpp
  renderer.cpp
  utilities.cpp
  main.cpp
  vector3d.cpp
  view_matrix.cpp
  Generating Code...
  buffer.c
  hde32.c
  hde64.c
  hook.c
  trampoline.c
  Generating Code...
  LINK : /LTCG specified but no code generation required; remove /LTCG from the link command line to improve linker performance
  csgo-cheat.vcxproj -> C:\Users\h_ari\OneDrive\Desktop\Coding\proxiedGit\.\output\debug\csgo-cheat.dll
>>>>>>> 1ffc2dd46c65c3ded6a7da968e333d947b1e4882
